#
# There is insufficient memory for the Java Runtime Environment to continue.
# Native memory allocation (malloc) failed to allocate 86896 bytes for Chunk::new
# Possible reasons:
#   The system is out of physical RAM or swap space
#   The process is running with CompressedOops enabled, and the Java Heap may be blocking the growth of the native heap
# Possible solutions:
#   Reduce memory load on the system
#   Increase physical memory or swap space
#   Check if swap backing store is full
#   Decrease Java heap size (-Xmx/-Xms)
#   Decrease number of Java threads
#   Decrease Java thread stack sizes (-Xss)
#   Set larger code cache with -XX:ReservedCodeCacheSize=
#   JVM is running with Unscaled Compressed Oops mode in which the Java heap is
#     placed in the first 4GB address space. The Java Heap base address is the
#     maximum limit for the native heap growth. Please use -XX:HeapBaseMinAddress
#     to set the Java Heap base and to place the Java Heap above 4GB virtual address.
# This output file may be truncated or incomplete.
#
#  Out of Memory Error (./open/src/hotspot/share/memory/arena.cpp:197), pid=7224, tid=6860
#
# JRE version: Java(TM) SE Runtime Environment 18.9 (11.0.21+9) (build 11.0.21+9-LTS-193)
# Java VM: Java HotSpot(TM) 64-Bit Server VM 18.9 (11.0.21+9-LTS-193, mixed mode, tiered, compressed oops, g1 gc, windows-amd64)
# Core dump will be written. Default location: C:\Users\Administrateur\Desktop\MapStore2\hs_err_pid7224.mdmp
#

---------------  S U M M A R Y ------------

Command Line: -Dclassworlds.conf=C:\Program Files\apache-maven-3.9.9-bin\apache-maven-3.9.9\bin\m2.conf -Dmaven.home=C:\Program Files\apache-maven-3.9.9-bin\apache-maven-3.9.9 -Dlibrary.jansi.path=C:\Program Files\apache-maven-3.9.9-bin\apache-maven-3.9.9\lib\jansi-native -Dmaven.multiModuleProjectDirectory=C:\Users\Administrateur\Desktop\MapStore2 org.codehaus.plexus.classworlds.launcher.Launcher cargo:run -f ./product/pom.xml

Host: Intel(R) Xeon(R) CPU E5-2680 v3 @ 2.50GHz, 3 cores, 5G,  Windows Server 2019 , 64 bit Build 17763 (10.0.17763.1)
Time: Fri Sep 27 16:35:48 2024 Maroc elapsed time: 42.823481 seconds (0d 0h 0m 42s)

---------------  T H R E A D  ---------------

Current thread (0x0000024ea9ec2800):  JavaThread "C2 CompilerThread0" daemon [_thread_in_native, id=6860, stack(0x000000a4bae00000,0x000000a4baf00000)]


Current CompileTask:
C2:  42823  575       4       java.lang.AbstractStringBuilder::append (45 bytes)

Stack: [0x000000a4bae00000,0x000000a4baf00000]
Native frames: (J=compiled Java code, j=interpreted, Vv=VM code, C=native code)
V  [jvm.dll+0x66058a]
V  [jvm.dll+0x7a362f]
V  [jvm.dll+0x7a4cf9]
V  [jvm.dll+0x7a5393]
V  [jvm.dll+0x258f55]
V  [jvm.dll+0xb2a0c]
V  [jvm.dll+0xb2fcc]
V  [jvm.dll+0x367771]
V  [jvm.dll+0x330445]
V  [jvm.dll+0x32f82a]
V  [jvm.dll+0x211c3d]
V  [jvm.dll+0x210c08]
V  [jvm.dll+0x18cdb1]
V  [jvm.dll+0x220e99]
V  [jvm.dll+0x21f1bc]
V  [jvm.dll+0x7673c1]
V  [jvm.dll+0x75fc44]
V  [jvm.dll+0x65f435]
C  [ucrtbase.dll+0x203ba]
C  [KERNEL32.DLL+0x17e94]
C  [ntdll.dll+0x6a251]


---------------  P R O C E S S  ---------------

Threads class SMR info:
_java_thread_list=0x0000024eaaa85000, length=10, elements={
0x0000024e8dc12000, 0x0000024ea9ea3800, 0x0000024ea9ead800, 0x0000024eaa863800,
0x0000024ea9ebd800, 0x0000024ea9ebf800, 0x0000024ea9ec2800, 0x0000024ea9ec6000,
0x0000024ea9eca000, 0x0000024eaa99b000
}

Java Threads: ( => current thread )
  0x0000024e8dc12000 JavaThread "main" [_thread_in_vm, id=1132, stack(0x000000a4ba200000,0x000000a4ba300000)]
  0x0000024ea9ea3800 JavaThread "Reference Handler" daemon [_thread_blocked, id=10448, stack(0x000000a4ba900000,0x000000a4baa00000)]
  0x0000024ea9ead800 JavaThread "Finalizer" daemon [_thread_blocked, id=4740, stack(0x000000a4baa00000,0x000000a4bab00000)]
  0x0000024eaa863800 JavaThread "Signal Dispatcher" daemon [_thread_blocked, id=2432, stack(0x000000a4bab00000,0x000000a4bac00000)]
  0x0000024ea9ebd800 JavaThread "Attach Listener" daemon [_thread_blocked, id=10032, stack(0x000000a4bac00000,0x000000a4bad00000)]
  0x0000024ea9ebf800 JavaThread "Service Thread" daemon [_thread_blocked, id=4676, stack(0x000000a4bad00000,0x000000a4bae00000)]
=>0x0000024ea9ec2800 JavaThread "C2 CompilerThread0" daemon [_thread_in_native, id=6860, stack(0x000000a4bae00000,0x000000a4baf00000)]
  0x0000024ea9ec6000 JavaThread "C1 CompilerThread0" daemon [_thread_in_native, id=4920, stack(0x000000a4baf00000,0x000000a4bb000000)]
  0x0000024ea9eca000 JavaThread "Sweeper thread" daemon [_thread_blocked, id=7588, stack(0x000000a4bb000000,0x000000a4bb100000)]
  0x0000024eaa99b000 JavaThread "Common-Cleaner" daemon [_thread_blocked, id=4856, stack(0x000000a4bb200000,0x000000a4bb300000)]

Other Threads:
  0x0000024ea9e80000 VMThread "VM Thread" [stack: 0x000000a4ba800000,0x000000a4ba900000] [id=10444]
  0x0000024eaa999800 WatcherThread [stack: 0x000000a4bb100000,0x000000a4bb200000] [id=3256]
  0x0000024e8dc28800 GCTaskThread "GC Thread#0" [stack: 0x000000a4ba300000,0x000000a4ba400000] [id=8808]
  0x0000024eab428800 GCTaskThread "GC Thread#1" [stack: 0x000000a4bb300000,0x000000a4bb400000] [id=6396]
  0x0000024e8dc4f800 ConcurrentGCThread "G1 Main Marker" [stack: 0x000000a4ba400000,0x000000a4ba500000] [id=9100]
  0x0000024e8dc51000 ConcurrentGCThread "G1 Conc#0" [stack: 0x000000a4ba500000,0x000000a4ba600000] [id=5116]
  0x0000024e8dcc0000 ConcurrentGCThread "G1 Refine#0" [stack: 0x000000a4ba600000,0x000000a4ba700000] [id=3708]
  0x0000024e8dcc2000 ConcurrentGCThread "G1 Young RemSet Sampling" [stack: 0x000000a4ba700000,0x000000a4ba800000] [id=11528]

Threads with active compile tasks:
C2 CompilerThread0    46175  575       4       java.lang.AbstractStringBuilder::append (45 bytes)
C1 CompilerThread0    46175  571       3       java.net.URLStreamHandler::parseURL (1201 bytes)

VM state:not at safepoint (normal execution)

VM Mutex/Monitor currently owned by a thread: None

Heap address: 0x00000000a0000000, size: 1536 MB, Compressed Oops mode: 32-bit
Narrow klass base: 0x0000000000000000, Narrow klass shift: 3
Compressed class space size: 1073741824 Address: 0x0000000100000000

Heap:
 garbage-first heap   total 98304K, used 4083K [0x00000000a0000000, 0x0000000100000000)
  region size 1024K, 4 young (4096K), 1 survivors (1024K)
 Metaspace       used 8841K, capacity 8972K, committed 9088K, reserved 1056768K
  class space    used 812K, capacity 887K, committed 896K, reserved 1048576K
Heap Regions: E=young(eden), S=young(survivor), O=old, HS=humongous(starts), HC=humongous(continues), CS=collection set, F=free, A=archive, TAMS=top-at-mark-start (previous, next)
|   0|0x00000000a0000000, 0x00000000a00fcc00, 0x00000000a0100000| 98%| O|  |TAMS 0x00000000a0000000, 0x00000000a0000000| Untracked 
|   1|0x00000000a0100000, 0x00000000a0100000, 0x00000000a0200000|  0%| F|  |TAMS 0x00000000a0100000, 0x00000000a0100000| Untracked 
|   2|0x00000000a0200000, 0x00000000a0200000, 0x00000000a0300000|  0%| F|  |TAMS 0x00000000a0200000, 0x00000000a0200000| Untracked 
|   3|0x00000000a0300000, 0x00000000a0300000, 0x00000000a0400000|  0%| F|  |TAMS 0x00000000a0300000, 0x00000000a0300000| Untracked 
|   4|0x00000000a0400000, 0x00000000a0400000, 0x00000000a0500000|  0%| F|  |TAMS 0x00000000a0400000, 0x00000000a0400000| Untracked 
|   5|0x00000000a0500000, 0x00000000a0500000, 0x00000000a0600000|  0%| F|  |TAMS 0x00000000a0500000, 0x00000000a0500000| Untracked 
|   6|0x00000000a0600000, 0x00000000a0600000, 0x00000000a0700000|  0%| F|  |TAMS 0x00000000a0600000, 0x00000000a0600000| Untracked 
|   7|0x00000000a0700000, 0x00000000a0700000, 0x00000000a0800000|  0%| F|  |TAMS 0x00000000a0700000, 0x00000000a0700000| Untracked 
|   8|0x00000000a0800000, 0x00000000a0800000, 0x00000000a0900000|  0%| F|  |TAMS 0x00000000a0800000, 0x00000000a0800000| Untracked 
|   9|0x00000000a0900000, 0x00000000a0900000, 0x00000000a0a00000|  0%| F|  |TAMS 0x00000000a0900000, 0x00000000a0900000| Untracked 
|  10|0x00000000a0a00000, 0x00000000a0a00000, 0x00000000a0b00000|  0%| F|  |TAMS 0x00000000a0a00000, 0x00000000a0a00000| Untracked 
|  11|0x00000000a0b00000, 0x00000000a0b00000, 0x00000000a0c00000|  0%| F|  |TAMS 0x00000000a0b00000, 0x00000000a0b00000| Untracked 
|  12|0x00000000a0c00000, 0x00000000a0c00000, 0x00000000a0d00000|  0%| F|  |TAMS 0x00000000a0c00000, 0x00000000a0c00000| Untracked 
|  13|0x00000000a0d00000, 0x00000000a0d00000, 0x00000000a0e00000|  0%| F|  |TAMS 0x00000000a0d00000, 0x00000000a0d00000| Untracked 
|  14|0x00000000a0e00000, 0x00000000a0e00000, 0x00000000a0f00000|  0%| F|  |TAMS 0x00000000a0e00000, 0x00000000a0e00000| Untracked 
|  15|0x00000000a0f00000, 0x00000000a0f00000, 0x00000000a1000000|  0%| F|  |TAMS 0x00000000a0f00000, 0x00000000a0f00000| Untracked 
|  16|0x00000000a1000000, 0x00000000a1000000, 0x00000000a1100000|  0%| F|  |TAMS 0x00000000a1000000, 0x00000000a1000000| Untracked 
|  17|0x00000000a1100000, 0x00000000a1100000, 0x00000000a1200000|  0%| F|  |TAMS 0x00000000a1100000, 0x00000000a1100000| Untracked 
|  18|0x00000000a1200000, 0x00000000a1200000, 0x00000000a1300000|  0%| F|  |TAMS 0x00000000a1200000, 0x00000000a1200000| Untracked 
|  19|0x00000000a1300000, 0x00000000a1300000, 0x00000000a1400000|  0%| F|  |TAMS 0x00000000a1300000, 0x00000000a1300000| Untracked 
|  20|0x00000000a1400000, 0x00000000a1400000, 0x00000000a1500000|  0%| F|  |TAMS 0x00000000a1400000, 0x00000000a1400000| Untracked 
|  21|0x00000000a1500000, 0x00000000a1500000, 0x00000000a1600000|  0%| F|  |TAMS 0x00000000a1500000, 0x00000000a1500000| Untracked 
|  22|0x00000000a1600000, 0x00000000a1600000, 0x00000000a1700000|  0%| F|  |TAMS 0x00000000a1600000, 0x00000000a1600000| Untracked 
|  23|0x00000000a1700000, 0x00000000a1700000, 0x00000000a1800000|  0%| F|  |TAMS 0x00000000a1700000, 0x00000000a1700000| Untracked 
|  24|0x00000000a1800000, 0x00000000a1800000, 0x00000000a1900000|  0%| F|  |TAMS 0x00000000a1800000, 0x00000000a1800000| Untracked 
|  25|0x00000000a1900000, 0x00000000a1900000, 0x00000000a1a00000|  0%| F|  |TAMS 0x00000000a1900000, 0x00000000a1900000| Untracked 
|  26|0x00000000a1a00000, 0x00000000a1a00000, 0x00000000a1b00000|  0%| F|  |TAMS 0x00000000a1a00000, 0x00000000a1a00000| Untracked 
|  27|0x00000000a1b00000, 0x00000000a1b00000, 0x00000000a1c00000|  0%| F|  |TAMS 0x00000000a1b00000, 0x00000000a1b00000| Untracked 
|  28|0x00000000a1c00000, 0x00000000a1c00000, 0x00000000a1d00000|  0%| F|  |TAMS 0x00000000a1c00000, 0x00000000a1c00000| Untracked 
|  29|0x00000000a1d00000, 0x00000000a1d00000, 0x00000000a1e00000|  0%| F|  |TAMS 0x00000000a1d00000, 0x00000000a1d00000| Untracked 
|  30|0x00000000a1e00000, 0x00000000a1e00000, 0x00000000a1f00000|  0%| F|  |TAMS 0x00000000a1e00000, 0x00000000a1e00000| Untracked 
|  31|0x00000000a1f00000, 0x00000000a1f00000, 0x00000000a2000000|  0%| F|  |TAMS 0x00000000a1f00000, 0x00000000a1f00000| Untracked 
|  32|0x00000000a2000000, 0x00000000a2000000, 0x00000000a2100000|  0%| F|  |TAMS 0x00000000a2000000, 0x00000000a2000000| Untracked 
|  33|0x00000000a2100000, 0x00000000a2100000, 0x00000000a2200000|  0%| F|  |TAMS 0x00000000a2100000, 0x00000000a2100000| Untracked 
|  34|0x00000000a2200000, 0x00000000a2200000, 0x00000000a2300000|  0%| F|  |TAMS 0x00000000a2200000, 0x00000000a2200000| Untracked 
|  35|0x00000000a2300000, 0x00000000a2300000, 0x00000000a2400000|  0%| F|  |TAMS 0x00000000a2300000, 0x00000000a2300000| Untracked 
|  36|0x00000000a2400000, 0x00000000a2400000, 0x00000000a2500000|  0%| F|  |TAMS 0x00000000a2400000, 0x00000000a2400000| Untracked 
|  37|0x00000000a2500000, 0x00000000a2500000, 0x00000000a2600000|  0%| F|  |TAMS 0x00000000a2500000, 0x00000000a2500000| Untracked 
|  38|0x00000000a2600000, 0x00000000a2600000, 0x00000000a2700000|  0%| F|  |TAMS 0x00000000a2600000, 0x00000000a2600000| Untracked 
|  39|0x00000000a2700000, 0x00000000a2700000, 0x00000000a2800000|  0%| F|  |TAMS 0x00000000a2700000, 0x00000000a2700000| Untracked 
|  40|0x00000000a2800000, 0x00000000a2800000, 0x00000000a2900000|  0%| F|  |TAMS 0x00000000a2800000, 0x00000000a2800000| Untracked 
|  41|0x00000000a2900000, 0x00000000a2900000, 0x00000000a2a00000|  0%| F|  |TAMS 0x00000000a2900000, 0x00000000a2900000| Untracked 
|  42|0x00000000a2a00000, 0x00000000a2a00000, 0x00000000a2b00000|  0%| F|  |TAMS 0x00000000a2a00000, 0x00000000a2a00000| Untracked 
|  43|0x00000000a2b00000, 0x00000000a2b00000, 0x00000000a2c00000|  0%| F|  |TAMS 0x00000000a2b00000, 0x00000000a2b00000| Untracked 
|  44|0x00000000a2c00000, 0x00000000a2c00000, 0x00000000a2d00000|  0%| F|  |TAMS 0x00000000a2c00000, 0x00000000a2c00000| Untracked 
|  45|0x00000000a2d00000, 0x00000000a2d00000, 0x00000000a2e00000|  0%| F|  |TAMS 0x00000000a2d00000, 0x00000000a2d00000| Untracked 
|  46|0x00000000a2e00000, 0x00000000a2e00000, 0x00000000a2f00000|  0%| F|  |TAMS 0x00000000a2e00000, 0x00000000a2e00000| Untracked 
|  47|0x00000000a2f00000, 0x00000000a2f00000, 0x00000000a3000000|  0%| F|  |TAMS 0x00000000a2f00000, 0x00000000a2f00000| Untracked 
|  48|0x00000000a3000000, 0x00000000a3000000, 0x00000000a3100000|  0%| F|  |TAMS 0x00000000a3000000, 0x00000000a3000000| Untracked 
|  49|0x00000000a3100000, 0x00000000a3100000, 0x00000000a3200000|  0%| F|  |TAMS 0x00000000a3100000, 0x00000000a3100000| Untracked 
|  50|0x00000000a3200000, 0x00000000a3200000, 0x00000000a3300000|  0%| F|  |TAMS 0x00000000a3200000, 0x00000000a3200000| Untracked 
|  51|0x00000000a3300000, 0x00000000a3300000, 0x00000000a3400000|  0%| F|  |TAMS 0x00000000a3300000, 0x00000000a3300000| Untracked 
|  52|0x00000000a3400000, 0x00000000a3400000, 0x00000000a3500000|  0%| F|  |TAMS 0x00000000a3400000, 0x00000000a3400000| Untracked 
|  53|0x00000000a3500000, 0x00000000a3500000, 0x00000000a3600000|  0%| F|  |TAMS 0x00000000a3500000, 0x00000000a3500000| Untracked 
|  54|0x00000000a3600000, 0x00000000a3600000, 0x00000000a3700000|  0%| F|  |TAMS 0x00000000a3600000, 0x00000000a3600000| Untracked 
|  55|0x00000000a3700000, 0x00000000a3700000, 0x00000000a3800000|  0%| F|  |TAMS 0x00000000a3700000, 0x00000000a3700000| Untracked 
|  56|0x00000000a3800000, 0x00000000a3800000, 0x00000000a3900000|  0%| F|  |TAMS 0x00000000a3800000, 0x00000000a3800000| Untracked 
|  57|0x00000000a3900000, 0x00000000a3900000, 0x00000000a3a00000|  0%| F|  |TAMS 0x00000000a3900000, 0x00000000a3900000| Untracked 
|  58|0x00000000a3a00000, 0x00000000a3a00000, 0x00000000a3b00000|  0%| F|  |TAMS 0x00000000a3a00000, 0x00000000a3a00000| Untracked 
|  59|0x00000000a3b00000, 0x00000000a3b00000, 0x00000000a3c00000|  0%| F|  |TAMS 0x00000000a3b00000, 0x00000000a3b00000| Untracked 
|  60|0x00000000a3c00000, 0x00000000a3c00000, 0x00000000a3d00000|  0%| F|  |TAMS 0x00000000a3c00000, 0x00000000a3c00000| Untracked 
|  61|0x00000000a3d00000, 0x00000000a3d00000, 0x00000000a3e00000|  0%| F|  |TAMS 0x00000000a3d00000, 0x00000000a3d00000| Untracked 
|  62|0x00000000a3e00000, 0x00000000a3e00000, 0x00000000a3f00000|  0%| F|  |TAMS 0x00000000a3e00000, 0x00000000a3e00000| Untracked 
|  63|0x00000000a3f00000, 0x00000000a3f00000, 0x00000000a4000000|  0%| F|  |TAMS 0x00000000a3f00000, 0x00000000a3f00000| Untracked 
|  64|0x00000000a4000000, 0x00000000a4000000, 0x00000000a4100000|  0%| F|  |TAMS 0x00000000a4000000, 0x00000000a4000000| Untracked 
|  65|0x00000000a4100000, 0x00000000a4100000, 0x00000000a4200000|  0%| F|  |TAMS 0x00000000a4100000, 0x00000000a4100000| Untracked 
|  66|0x00000000a4200000, 0x00000000a4200000, 0x00000000a4300000|  0%| F|  |TAMS 0x00000000a4200000, 0x00000000a4200000| Untracked 
|  67|0x00000000a4300000, 0x00000000a4300000, 0x00000000a4400000|  0%| F|  |TAMS 0x00000000a4300000, 0x00000000a4300000| Untracked 
|  68|0x00000000a4400000, 0x00000000a4400000, 0x00000000a4500000|  0%| F|  |TAMS 0x00000000a4400000, 0x00000000a4400000| Untracked 
|  69|0x00000000a4500000, 0x00000000a4500000, 0x00000000a4600000|  0%| F|  |TAMS 0x00000000a4500000, 0x00000000a4500000| Untracked 
|  70|0x00000000a4600000, 0x00000000a4600000, 0x00000000a4700000|  0%| F|  |TAMS 0x00000000a4600000, 0x00000000a4600000| Untracked 
|  71|0x00000000a4700000, 0x00000000a4700000, 0x00000000a4800000|  0%| F|  |TAMS 0x00000000a4700000, 0x00000000a4700000| Untracked 
|  72|0x00000000a4800000, 0x00000000a4800000, 0x00000000a4900000|  0%| F|  |TAMS 0x00000000a4800000, 0x00000000a4800000| Untracked 
|  73|0x00000000a4900000, 0x00000000a4900000, 0x00000000a4a00000|  0%| F|  |TAMS 0x00000000a4900000, 0x00000000a4900000| Untracked 
|  74|0x00000000a4a00000, 0x00000000a4a00000, 0x00000000a4b00000|  0%| F|  |TAMS 0x00000000a4a00000, 0x00000000a4a00000| Untracked 
|  75|0x00000000a4b00000, 0x00000000a4b00000, 0x00000000a4c00000|  0%| F|  |TAMS 0x00000000a4b00000, 0x00000000a4b00000| Untracked 
|  76|0x00000000a4c00000, 0x00000000a4c00000, 0x00000000a4d00000|  0%| F|  |TAMS 0x00000000a4c00000, 0x00000000a4c00000| Untracked 
|  77|0x00000000a4d00000, 0x00000000a4d00000, 0x00000000a4e00000|  0%| F|  |TAMS 0x00000000a4d00000, 0x00000000a4d00000| Untracked 
|  78|0x00000000a4e00000, 0x00000000a4e00000, 0x00000000a4f00000|  0%| F|  |TAMS 0x00000000a4e00000, 0x00000000a4e00000| Untracked 
|  79|0x00000000a4f00000, 0x00000000a4f00000, 0x00000000a5000000|  0%| F|  |TAMS 0x00000000a4f00000, 0x00000000a4f00000| Untracked 
|  80|0x00000000a5000000, 0x00000000a5000000, 0x00000000a5100000|  0%| F|  |TAMS 0x00000000a5000000, 0x00000000a5000000| Untracked 
|  81|0x00000000a5100000, 0x00000000a5100000, 0x00000000a5200000|  0%| F|  |TAMS 0x00000000a5100000, 0x00000000a5100000| Untracked 
|  82|0x00000000a5200000, 0x00000000a5200000, 0x00000000a5300000|  0%| F|  |TAMS 0x00000000a5200000, 0x00000000a5200000| Untracked 
|  83|0x00000000a5300000, 0x00000000a5300000, 0x00000000a5400000|  0%| F|  |TAMS 0x00000000a5300000, 0x00000000a5300000| Untracked 
|  84|0x00000000a5400000, 0x00000000a5400000, 0x00000000a5500000|  0%| F|  |TAMS 0x00000000a5400000, 0x00000000a5400000| Untracked 
|  85|0x00000000a5500000, 0x00000000a5500000, 0x00000000a5600000|  0%| F|  |TAMS 0x00000000a5500000, 0x00000000a5500000| Untracked 
|  86|0x00000000a5600000, 0x00000000a5600000, 0x00000000a5700000|  0%| F|  |TAMS 0x00000000a5600000, 0x00000000a5600000| Untracked 
|  87|0x00000000a5700000, 0x00000000a5700000, 0x00000000a5800000|  0%| F|  |TAMS 0x00000000a5700000, 0x00000000a5700000| Untracked 
|  88|0x00000000a5800000, 0x00000000a5900000, 0x00000000a5900000|100%| S|CS|TAMS 0x00000000a5800000, 0x00000000a5800000| Complete 
|  89|0x00000000a5900000, 0x00000000a5900000, 0x00000000a5a00000|  0%| F|  |TAMS 0x00000000a5900000, 0x00000000a5900000| Untracked 
|  90|0x00000000a5a00000, 0x00000000a5a00000, 0x00000000a5b00000|  0%| F|  |TAMS 0x00000000a5a00000, 0x00000000a5a00000| Untracked 
|  91|0x00000000a5b00000, 0x00000000a5b00000, 0x00000000a5c00000|  0%| F|  |TAMS 0x00000000a5b00000, 0x00000000a5b00000| Untracked 
|  92|0x00000000a5c00000, 0x00000000a5c00000, 0x00000000a5d00000|  0%| F|  |TAMS 0x00000000a5c00000, 0x00000000a5c00000| Untracked 
|  93|0x00000000a5d00000, 0x00000000a5d68330, 0x00000000a5e00000| 40%| E|  |TAMS 0x00000000a5d00000, 0x00000000a5d00000| Complete 
|  94|0x00000000a5e00000, 0x00000000a5f00000, 0x00000000a5f00000|100%| E|CS|TAMS 0x00000000a5e00000, 0x00000000a5e00000| Complete 
|  95|0x00000000a5f00000, 0x00000000a6000000, 0x00000000a6000000|100%| E|CS|TAMS 0x00000000a5f00000, 0x00000000a5f00000| Complete 

Card table byte_map: [0x0000024ea45f0000,0x0000024ea48f0000] _byte_map_base: 0x0000024ea40f0000

Marking Bits (Prev, Next): (CMBitMap*) 0x0000024e8dc48b28, (CMBitMap*) 0x0000024e8dc48b60
 Prev Bits: [0x0000024ea4bf0000, 0x0000024ea63f0000)
 Next Bits: [0x0000024ea63f0000, 0x0000024ea7bf0000)

Polling page: 0x0000024e8d3e0000

Metaspace:

Usage:
  Non-class:      7.90 MB capacity,     7.84 MB (>99%) used,    48.35 KB ( <1%) free+waste,     7.50 KB ( <1%) overhead. 
      Class:    887.00 KB capacity,   812.97 KB ( 92%) used,    70.41 KB (  8%) free+waste,     3.63 KB ( <1%) overhead. 
       Both:      8.76 MB capacity,     8.63 MB ( 99%) used,   118.76 KB (  1%) free+waste,    11.13 KB ( <1%) overhead. 

Virtual space:
  Non-class space:        8.00 MB reserved,       8.00 MB (100%) committed 
      Class space:        1.00 GB reserved,     896.00 KB ( <1%) committed 
             Both:        1.01 GB reserved,       8.88 MB ( <1%) committed 

Chunk freelists:
   Non-Class:  5.38 KB
       Class:  1.13 KB
        Both:  6.50 KB

CodeHeap 'non-profiled nmethods': size=120064Kb used=157Kb max_used=157Kb free=119906Kb
 bounds [0x0000024e9cdb0000, 0x0000024e9d020000, 0x0000024ea42f0000]
CodeHeap 'profiled nmethods': size=120000Kb used=913Kb max_used=913Kb free=119086Kb
 bounds [0x0000024e95880000, 0x0000024e95af0000, 0x0000024e9cdb0000]
CodeHeap 'non-nmethods': size=5696Kb used=1068Kb max_used=1077Kb free=4627Kb
 bounds [0x0000024e952f0000, 0x0000024e95560000, 0x0000024e95880000]
 total_blobs=934 nmethods=570 adapters=276
 compilation: enabled
              stopped_count=0, restarted_count=0
 full_count=0

Compilation events (10 events):
Event: 42.197 Thread 0x0000024ea9ec2800  567       4       java.util.zip.ZipCoder$UTF8::getBytes (10 bytes)
Event: 42.201 Thread 0x0000024ea9ec6000  569       3       java.net.URL::toExternalForm (9 bytes)
Event: 42.202 Thread 0x0000024ea9ec6000 nmethod 569 0x0000024e95963c10 code [0x0000024e95963dc0, 0x0000024e95963f88]
Event: 42.202 Thread 0x0000024ea9ec2800 nmethod 567 0x0000024e9cdd6190 code [0x0000024e9cdd6320, 0x0000024e9cdd6578]
Event: 42.202 Thread 0x0000024ea9ec2800  568   !   4       java.util.zip.ZipFile::getEntry (73 bytes)
Event: 42.221 Thread 0x0000024ea9ec2800 nmethod 568 0x0000024e9cdd6710 code [0x0000024e9cdd68c0, 0x0000024e9cdd7058]
Event: 42.615 Thread 0x0000024ea9ec6000  570       3       sun.net.www.protocol.file.Handler::parseURL (18 bytes)
Event: 42.616 Thread 0x0000024ea9ec6000 nmethod 570 0x0000024e95964090 code [0x0000024e95964240, 0x0000024e959643d8]
Event: 42.616 Thread 0x0000024ea9ec6000  571       3       java.net.URLStreamHandler::parseURL (1201 bytes)
Event: 42.620 Thread 0x0000024ea9ec2800  575       4       java.lang.AbstractStringBuilder::append (45 bytes)

GC Heap History (2 events):
Event: 37.797 GC heap before
{Heap before GC invocations=0 (full 0):
 garbage-first heap   total 98304K, used 6144K [0x00000000a0000000, 0x0000000100000000)
  region size 1024K, 7 young (7168K), 0 survivors (0K)
 Metaspace       used 7671K, capacity 7785K, committed 7936K, reserved 1056768K
  class space    used 694K, capacity 746K, committed 768K, reserved 1048576K
}
Event: 38.040 GC heap after
{Heap after GC invocations=1 (full 0):
 garbage-first heap   total 98304K, used 2035K [0x00000000a0000000, 0x0000000100000000)
  region size 1024K, 1 young (1024K), 1 survivors (1024K)
 Metaspace       used 7671K, capacity 7785K, committed 7936K, reserved 1056768K
  class space    used 694K, capacity 746K, committed 768K, reserved 1048576K
}

Deoptimization events (2 events):
Event: 6.560 Thread 0x0000024e8dc12000 Uncommon trap: reason=unstable_if action=reinterpret pc=0x0000024e9cdb3820 method=java.lang.String.hashCode()I @ 14 c2
Event: 31.223 Thread 0x0000024e8dc12000 Uncommon trap: reason=unstable_if action=reinterpret pc=0x0000024e9cdc653c method=sun.nio.fs.WindowsPathParser.isSlash(C)Z @ 9 c2

Classes redefined (0 events):
No events

Internal exceptions (10 events):
Event: 30.662 Thread 0x0000024e8dc12000 Exception <a 'java/lang/NullPointerException'{0x00000000a5bcf140}> (0x00000000a5bcf140) thrown at [./open/src/hotspot/share/interpreter/linkResolver.cpp, line 1354]
Event: 30.662 Thread 0x0000024e8dc12000 Exception <a 'java/lang/NullPointerException'{0x00000000a5bcf410}> (0x00000000a5bcf410) thrown at [./open/src/hotspot/share/interpreter/linkResolver.cpp, line 1354]
Event: 31.416 Thread 0x0000024e8dc12000 Exception <a 'sun/nio/fs/WindowsException'{0x00000000a5a07fb8}> (0x00000000a5a07fb8) thrown at [./open/src/hotspot/share/prims/jni.cpp, line 611]
Event: 31.643 Thread 0x0000024e8dc12000 Exception <a 'sun/nio/fs/WindowsException'{0x00000000a5a08710}> (0x00000000a5a08710) thrown at [./open/src/hotspot/share/prims/jni.cpp, line 611]
Event: 31.644 Thread 0x0000024e8dc12000 Exception <a 'sun/nio/fs/WindowsException'{0x00000000a5a08cf8}> (0x00000000a5a08cf8) thrown at [./open/src/hotspot/share/prims/jni.cpp, line 611]
Event: 31.644 Thread 0x0000024e8dc12000 Exception <a 'sun/nio/fs/WindowsException'{0x00000000a5a09268}> (0x00000000a5a09268) thrown at [./open/src/hotspot/share/prims/jni.cpp, line 611]
Event: 31.644 Thread 0x0000024e8dc12000 Exception <a 'sun/nio/fs/WindowsException'{0x00000000a5a09768}> (0x00000000a5a09768) thrown at [./open/src/hotspot/share/prims/jni.cpp, line 611]
Event: 31.644 Thread 0x0000024e8dc12000 Exception <a 'sun/nio/fs/WindowsException'{0x00000000a5a09c20}> (0x00000000a5a09c20) thrown at [./open/src/hotspot/share/prims/jni.cpp, line 611]
Event: 32.052 Thread 0x0000024e8dc12000 Exception <a 'java/lang/NoSuchMethodError'{0x00000000a5a8cdd0}: java.lang.invoke.DirectMethodHandle$Holder.invokeStaticInit(Ljava/lang/Object;Ljava/lang/Object;)V> (0x00000000a5a8cdd0) thrown at [./open/src/hotspot/share/interpreter/linkResolver.cpp, line
Event: 40.298 Thread 0x0000024e8dc12000 Exception <a 'java/lang/NoSuchMethodError'{0x00000000a5e27300}: java.lang.invoke.DirectMethodHandle$Holder.invokeSpecialIFC(Ljava/lang/Object;Ljava/lang/Object;Ljava/lang/Object;Ljava/lang/Object;)Ljava/lang/Object;> (0x00000000a5e27300) thrown at [./open

Events (10 events):
Event: 42.617 loading class org/eclipse/sisu/inject/MildValues$InverseMapping done
Event: 42.618 loading class org/eclipse/sisu/inject/MildKeys$Weak
Event: 42.618 loading class org/eclipse/sisu/inject/MildKeys$Weak done
Event: 42.619 loading class org/eclipse/sisu/inject/MildValues$Soft
Event: 42.619 loading class org/eclipse/sisu/inject/MildValues$Soft done
Event: 42.619 loading class org/eclipse/sisu/inject/MildKeys$Soft
Event: 42.619 loading class org/eclipse/sisu/inject/MildKeys$Soft done
Event: 42.620 loading class org/eclipse/sisu/inject/ImplicitBindings
Event: 42.620 loading class org/eclipse/sisu/inject/ImplicitBindings done
Event: 42.621 loading class java/util/concurrent/locks/ReentrantReadWriteLock


Dynamic libraries:
0x00007ff70ebc0000 - 0x00007ff70ebd0000 	C:\Users\Administrateur\Desktop\projet cid\jdk-11.0.21\bin\java.exe
0x00007ffd8e520000 - 0x00007ffd8e70d000 	C:\Windows\SYSTEM32\ntdll.dll
0x00007ffd8b970000 - 0x00007ffd8ba23000 	C:\Windows\System32\KERNEL32.DLL
0x00007ffd8a5f0000 - 0x00007ffd8a883000 	C:\Windows\System32\KERNELBASE.dll
0x00007ffd8ab10000 - 0x00007ffd8ac0c000 	C:\Windows\System32\ucrtbase.dll
0x00007ffd7d880000 - 0x00007ffd7d899000 	C:\Users\Administrateur\Desktop\projet cid\jdk-11.0.21\bin\jli.dll
0x00007ffd7d570000 - 0x00007ffd7d58b000 	C:\Users\Administrateur\Desktop\projet cid\jdk-11.0.21\bin\VCRUNTIME140.dll
0x00007ffd8e040000 - 0x00007ffd8e0e3000 	C:\Windows\System32\ADVAPI32.dll
0x00007ffd8c7b0000 - 0x00007ffd8c84e000 	C:\Windows\System32\msvcrt.dll
0x00007ffd8bda0000 - 0x00007ffd8be3e000 	C:\Windows\System32\sechost.dll
0x00007ffd8e2a0000 - 0x00007ffd8e3c2000 	C:\Windows\System32\RPCRT4.dll
0x00007ffd8ba30000 - 0x00007ffd8bbc7000 	C:\Windows\System32\USER32.dll
0x00007ffd78920000 - 0x00007ffd78b99000 	C:\Windows\WinSxS\amd64_microsoft.windows.common-controls_6595b64144ccf1df_6.0.17763.253_none_05b2388e0721fece\COMCTL32.dll
0x00007ffd8aaf0000 - 0x00007ffd8ab10000 	C:\Windows\System32\win32u.dll
0x00007ffd8be60000 - 0x00007ffd8c18d000 	C:\Windows\System32\combase.dll
0x00007ffd8c780000 - 0x00007ffd8c7a9000 	C:\Windows\System32\GDI32.dll
0x00007ffd8aa70000 - 0x00007ffd8aaee000 	C:\Windows\System32\bcryptPrimitives.dll
0x00007ffd8ac10000 - 0x00007ffd8adaa000 	C:\Windows\System32\gdi32full.dll
0x00007ffd8af30000 - 0x00007ffd8afd0000 	C:\Windows\System32\msvcp_win.dll
0x00007ffd85f50000 - 0x00007ffd85f5a000 	C:\Windows\SYSTEM32\VERSION.dll
0x00007ffd8c190000 - 0x00007ffd8c1be000 	C:\Windows\System32\IMM32.DLL
0x00007ffd84460000 - 0x00007ffd8446c000 	C:\Users\Administrateur\Desktop\projet cid\jdk-11.0.21\bin\vcruntime140_1.dll
0x00007ffd70010000 - 0x00007ffd7009e000 	C:\Users\Administrateur\Desktop\projet cid\jdk-11.0.21\bin\msvcp140.dll
0x00007ffd6b620000 - 0x00007ffd6c18d000 	C:\Users\Administrateur\Desktop\projet cid\jdk-11.0.21\bin\server\jvm.dll
0x00007ffd8b7d0000 - 0x00007ffd8b7d8000 	C:\Windows\System32\PSAPI.DLL
0x00007ffd80a10000 - 0x00007ffd80a19000 	C:\Windows\SYSTEM32\WSOCK32.dll
0x00007ffd8c290000 - 0x00007ffd8c2fd000 	C:\Windows\System32\WS2_32.dll
0x00007ffd81520000 - 0x00007ffd81544000 	C:\Windows\SYSTEM32\WINMM.dll
0x00007ffd814f0000 - 0x00007ffd8151d000 	C:\Windows\SYSTEM32\WINMMBASE.dll
0x00007ffd8aec0000 - 0x00007ffd8af0a000 	C:\Windows\System32\cfgmgr32.dll
0x00007ffd8a580000 - 0x00007ffd8a591000 	C:\Windows\System32\kernel.appcore.dll
0x00007ffd815d0000 - 0x00007ffd815e0000 	C:\Users\Administrateur\Desktop\projet cid\jdk-11.0.21\bin\verify.dll
0x00007ffd7c7f0000 - 0x00007ffd7c9dd000 	C:\Windows\SYSTEM32\DBGHELP.DLL
0x00007ffd7c6c0000 - 0x00007ffd7c6ea000 	C:\Windows\SYSTEM32\dbgcore.DLL
0x00007ffd7d540000 - 0x00007ffd7d568000 	C:\Users\Administrateur\Desktop\projet cid\jdk-11.0.21\bin\java.dll
0x00007ffd80320000 - 0x00007ffd8032a000 	C:\Users\Administrateur\Desktop\projet cid\jdk-11.0.21\bin\jimage.dll
0x00007ffd7ce10000 - 0x00007ffd7ce27000 	C:\Users\Administrateur\Desktop\projet cid\jdk-11.0.21\bin\zip.dll
0x00007ffd8c8d0000 - 0x00007ffd8ddbf000 	C:\Windows\System32\SHELL32.dll
0x00007ffd8ddc0000 - 0x00007ffd8de68000 	C:\Windows\System32\shcore.dll
0x00007ffd8afd0000 - 0x00007ffd8b71a000 	C:\Windows\System32\windows.storage.dll
0x00007ffd8a5c0000 - 0x00007ffd8a5e4000 	C:\Windows\System32\profapi.dll
0x00007ffd8a520000 - 0x00007ffd8a57d000 	C:\Windows\System32\powrprof.dll
0x00007ffd8bbd0000 - 0x00007ffd8bc22000 	C:\Windows\System32\shlwapi.dll
0x00007ffd8af10000 - 0x00007ffd8af27000 	C:\Windows\System32\cryptsp.dll
0x00007ffd7cd90000 - 0x00007ffd7cda9000 	C:\Users\Administrateur\Desktop\projet cid\jdk-11.0.21\bin\net.dll
0x00007ffd830b0000 - 0x00007ffd831a1000 	C:\Windows\SYSTEM32\WINHTTP.dll
0x00007ffd89d50000 - 0x00007ffd89db7000 	C:\Windows\system32\mswsock.dll
0x00007ffd7c130000 - 0x00007ffd7c142000 	C:\Users\Administrateur\Desktop\projet cid\jdk-11.0.21\bin\nio.dll
0x00007ffd751b0000 - 0x00007ffd751d4000 	C:\Program Files\apache-maven-3.9.9-bin\apache-maven-3.9.9\lib\jansi-native\Windows\x86_64\jansi.dll

dbghelp: loaded successfully - version: 4.0.5 - missing functions: none
symbol engine: initialized successfully - sym options: 0x614 - pdb path: .;C:\Users\Administrateur\Desktop\projet cid\jdk-11.0.21\bin;C:\Windows\SYSTEM32;C:\Windows\WinSxS\amd64_microsoft.windows.common-controls_6595b64144ccf1df_6.0.17763.253_none_05b2388e0721fece;C:\Users\Administrateur\Desktop\projet cid\jdk-11.0.21\bin\server;C:\Program Files\apache-maven-3.9.9-bin\apache-maven-3.9.9\lib\jansi-native\Windows\x86_64

VM Arguments:
jvm_args: -Dclassworlds.conf=C:\Program Files\apache-maven-3.9.9-bin\apache-maven-3.9.9\bin\m2.conf -Dmaven.home=C:\Program Files\apache-maven-3.9.9-bin\apache-maven-3.9.9 -Dlibrary.jansi.path=C:\Program Files\apache-maven-3.9.9-bin\apache-maven-3.9.9\lib\jansi-native -Dmaven.multiModuleProjectDirectory=C:\Users\Administrateur\Desktop\MapStore2 
java_command: org.codehaus.plexus.classworlds.launcher.Launcher cargo:run -f ./product/pom.xml
java_class_path (initial): C:\Program Files\apache-maven-3.9.9-bin\apache-maven-3.9.9\boot\plexus-classworlds-2.8.0.jar
Launcher Type: SUN_STANDARD

[Global flags]
     intx CICompilerCount                          = 2                                         {product} {ergonomic}
     uint ConcGCThreads                            = 1                                         {product} {ergonomic}
     uint G1ConcRefinementThreads                  = 3                                         {product} {ergonomic}
   size_t G1HeapRegionSize                         = 1048576                                   {product} {ergonomic}
    uintx GCDrainStackTargetSize                   = 64                                        {product} {ergonomic}
   size_t InitialHeapSize                          = 100663296                                 {product} {ergonomic}
   size_t MarkStackSize                            = 4194304                                   {product} {ergonomic}
   size_t MaxHeapSize                              = 1610612736                                {product} {ergonomic}
   size_t MaxNewSize                               = 965738496                                 {product} {ergonomic}
   size_t MinHeapDeltaBytes                        = 1048576                                   {product} {ergonomic}
    uintx NonNMethodCodeHeapSize                   = 5825164                                {pd product} {ergonomic}
    uintx NonProfiledCodeHeapSize                  = 122916538                              {pd product} {ergonomic}
    uintx ProfiledCodeHeapSize                     = 122916538                              {pd product} {ergonomic}
    uintx ReservedCodeCacheSize                    = 251658240                              {pd product} {ergonomic}
     bool SegmentedCodeCache                       = true                                      {product} {ergonomic}
     bool UseCompressedClassPointers               = true                                 {lp64_product} {ergonomic}
     bool UseCompressedOops                        = true                                 {lp64_product} {ergonomic}
     bool UseG1GC                                  = true                                      {product} {ergonomic}
     bool UseLargePagesIndividualAllocation        = false                                  {pd product} {ergonomic}

Logging:
Log output configuration:
 #0: stdout all=warning uptime,level,tags
 #1: stderr all=off uptime,level,tags

Environment Variables:
JAVA_HOME=C:\Users\Administrateur\Desktop\projet cid\jdk-11.0.21
PATH=C:\Users\Administrateur\Desktop\MapStore2\node_modules\.bin;C:\Users\Administrateur\Desktop\node_modules\.bin;C:\Users\Administrateur\node_modules\.bin;C:\Users\node_modules\.bin;C:\node_modules\.bin;C:\Program Files\nodejs\node_modules\npm\node_modules\@npmcli\run-script\lib\node-gyp-bin;C:\Users\Administrateur\Desktop\MapStore2\node_modules\.bin;C:\Users\Administrateur\Desktop\node_modules\.bin;C:\Users\Administrateur\node_modules\.bin;C:\Users\node_modules\.bin;C:\node_modules\.bin;C:\Program Files\nodejs\node_modules\npm\node_modules\@npmcli\run-script\lib\node-gyp-bin;C:\Users\Administrateur\Desktop\MapStore2\node_modules\.bin;C:\Users\Administrateur\Desktop\node_modules\.bin;C:\Users\Administrateur\node_modules\.bin;C:\Users\node_modules\.bin;C:\node_modules\.bin;C:\Program Files\nodejs\node_modules\npm\node_modules\@npmcli\run-script\lib\node-gyp-bin;c:\Users\Administrateur\AppData\Local\Programs\cursor\resources\app\bin;C:\Program Files\Common Files\Oracle\Java\javapath;C:\Program Files (x86)\Common Files\Oracle\Java\java8path;C:\Program Files (x86)\Common Files\Oracle\Java\javapath;C:\Windows\system32;C:\Windows;C:\Windows\System32\Wbem;C:\Windows\System32\WindowsPowerShell\v1.0\;C:\Windows\System32\OpenSSH\;C:\Program Files\nodejs\;C:\Program Files\Git\cmd;C:\Program Files\apache-maven-3.9.9-bin\apache-maven-3.9.9\bin;C:\Users\Administrateur\Desktop\projet cid\jdk-11.0.21\bin;C:\Users\Administrateur\AppData\Local\Microsoft\WindowsApps;C:\Users\Administrateur\AppData\Roaming\npm;c:\Users\Administrateur\AppData\Local\Programs\cursor\resources\app\bin;c:\Users\Administrateur\AppData\Local\Programs\cursor\resources\app\bin;C:\Users\Administrateur\AppData\Local\Microsoft\WindowsApps;C:\Users\Administrateur\AppData\Local\Programs\Microsoft VS Code\bin;C:\Users\Administrateur\AppData\Roaming\npm
USERNAME=Administrateur
OS=Windows_NT
PROCESSOR_IDENTIFIER=Intel64 Family 6 Model 63 Stepping 2, GenuineIntel



---------------  S Y S T E M  ---------------

OS: Windows Server 2019 , 64 bit Build 17763 (10.0.17763.1)

CPU:total 3 (initial active 3) (3 cores per cpu, 1 threads per core) family 6 model 63 stepping 2 microcode 0x0, cmov, cx8, fxsr, mmx, sse, sse2, sse3, ssse3, sse4.1, sse4.2, popcnt, avx, avx2, aes, clmul, lzcnt, tsc, tscinvbit

Memory: 4k page, system-wide physical 6143M (125M free)
TotalPageFile size 16094M (AvailPageFile size 10M)
current process WorkingSet (physical memory assigned to process): 50M, peak: 50M
current process commit charge ("private bytes"): 170M, peak: 170M

vm_info: Java HotSpot(TM) 64-Bit Server VM (11.0.21+9-LTS-193) for windows-amd64 JRE (11.0.21+9-LTS-193), built on Sep 13 2023 11:04:38 by "mach5one" with MS VC++ 17.1 (VS2022)

END.
